{"/Users/icluster/Desktop/TDD Project/testcase-project/src/App.js": {"path":"/Users/icluster/Desktop/TDD Project/testcase-project/src/App.js","statementMap":{"0":{"start":{"line":5,"column":2},"end":{"line":10,"column":4}}},"fnMap":{"0":{"name":"App","decl":{"start":{"line":4,"column":9},"end":{"line":4,"column":12}},"loc":{"start":{"line":4,"column":15},"end":{"line":11,"column":1}},"line":4}},"branchMap":{},"s":{"0":0},"f":{"0":0},"b":{}}
,"/Users/icluster/Desktop/TDD Project/testcase-project/src/index.js": {"path":"/Users/icluster/Desktop/TDD Project/testcase-project/src/index.js","statementMap":{"0":{"start":{"line":7,"column":0},"end":{"line":7,"column":58}},"1":{"start":{"line":12,"column":0},"end":{"line":12,"column":18}}},"fnMap":{},"branchMap":{},"s":{"0":0,"1":0},"f":{},"b":{}}
,"/Users/icluster/Desktop/TDD Project/testcase-project/src/reportWebVitals.js": {"path":"/Users/icluster/Desktop/TDD Project/testcase-project/src/reportWebVitals.js","statementMap":{"0":{"start":{"line":1,"column":24},"end":{"line":11,"column":1}},"1":{"start":{"line":2,"column":2},"end":{"line":10,"column":3}},"2":{"start":{"line":3,"column":4},"end":{"line":9,"column":7}},"3":{"start":{"line":4,"column":6},"end":{"line":4,"column":26}},"4":{"start":{"line":5,"column":6},"end":{"line":5,"column":26}},"5":{"start":{"line":6,"column":6},"end":{"line":6,"column":26}},"6":{"start":{"line":7,"column":6},"end":{"line":7,"column":26}},"7":{"start":{"line":8,"column":6},"end":{"line":8,"column":27}}},"fnMap":{"0":{"name":"(anonymous_0)","decl":{"start":{"line":1,"column":24},"end":{"line":1,"column":25}},"loc":{"start":{"line":1,"column":39},"end":{"line":11,"column":1}},"line":1},"1":{"name":"(anonymous_1)","decl":{"start":{"line":3,"column":30},"end":{"line":3,"column":31}},"loc":{"start":{"line":3,"column":79},"end":{"line":9,"column":5}},"line":3}},"branchMap":{"0":{"loc":{"start":{"line":2,"column":2},"end":{"line":10,"column":3}},"type":"if","locations":[{"start":{"line":2,"column":2},"end":{"line":10,"column":3}},{"start":{},"end":{}}],"line":2},"1":{"loc":{"start":{"line":2,"column":6},"end":{"line":2,"column":52}},"type":"binary-expr","locations":[{"start":{"line":2,"column":6},"end":{"line":2,"column":17}},{"start":{"line":2,"column":21},"end":{"line":2,"column":52}}],"line":2}},"s":{"0":0,"1":0,"2":0,"3":0,"4":0,"5":0,"6":0,"7":0},"f":{"0":0,"1":0},"b":{"0":[0,0],"1":[0,0]}}
,"/Users/icluster/Desktop/TDD Project/testcase-project/src/common/InputField.jsx": {"path":"/Users/icluster/Desktop/TDD Project/testcase-project/src/common/InputField.jsx","statementMap":{"0":{"start":{"line":4,"column":19},"end":{"line":13,"column":1}},"1":{"start":{"line":5,"column":2},"end":{"line":12,"column":4}},"2":{"start":{"line":15,"column":0},"end":{"line":20,"column":2}},"3":{"start":{"line":22,"column":0},"end":{"line":24,"column":2}}},"fnMap":{"0":{"name":"(anonymous_0)","decl":{"start":{"line":4,"column":19},"end":{"line":4,"column":20}},"loc":{"start":{"line":4,"column":66},"end":{"line":13,"column":1}},"line":4}},"branchMap":{},"s":{"0":1,"1":4,"2":1,"3":1},"f":{"0":4},"b":{},"_coverageSchema":"1a1c01bbd47fc00a2c39e90264f33305004495a9","hash":"46a2945b68c89680b5a874a793ad8b20ae4207a0"}
,"/Users/icluster/Desktop/TDD Project/testcase-project/src/common/UserTable.jsx": {"path":"/Users/icluster/Desktop/TDD Project/testcase-project/src/common/UserTable.jsx","statementMap":{"0":{"start":{"line":7,"column":18},"end":{"line":32,"column":1}},"1":{"start":{"line":8,"column":2},"end":{"line":31,"column":4}},"2":{"start":{"line":21,"column":10},"end":{"line":27,"column":15}},"3":{"start":{"line":34,"column":0},"end":{"line":46,"column":2}},"4":{"start":{"line":48,"column":0},"end":{"line":52,"column":2}}},"fnMap":{"0":{"name":"(anonymous_0)","decl":{"start":{"line":7,"column":18},"end":{"line":7,"column":19}},"loc":{"start":{"line":7,"column":51},"end":{"line":32,"column":1}},"line":7},"1":{"name":"(anonymous_1)","decl":{"start":{"line":20,"column":19},"end":{"line":20,"column":20}},"loc":{"start":{"line":21,"column":10},"end":{"line":27,"column":15}},"line":21},"2":{"name":"(anonymous_2)","decl":{"start":{"line":50,"column":10},"end":{"line":50,"column":11}},"loc":{"start":{"line":50,"column":16},"end":{"line":50,"column":18}},"line":50},"3":{"name":"(anonymous_3)","decl":{"start":{"line":51,"column":12},"end":{"line":51,"column":13}},"loc":{"start":{"line":51,"column":18},"end":{"line":51,"column":20}},"line":51}},"branchMap":{},"s":{"0":1,"1":1,"2":0,"3":1,"4":1},"f":{"0":1,"1":0,"2":0,"3":0},"b":{},"_coverageSchema":"1a1c01bbd47fc00a2c39e90264f33305004495a9","hash":"8a9aeb8d7e5e990644de5f34468d6ac0f02b82f5"}
,"/Users/icluster/Desktop/TDD Project/testcase-project/src/components/AddContact.jsx": {"path":"/Users/icluster/Desktop/TDD Project/testcase-project/src/components/AddContact.jsx","statementMap":{"0":{"start":{"line":7,"column":19},"end":{"line":59,"column":1}},"1":{"start":{"line":8,"column":44},"end":{"line":8,"column":53}},"2":{"start":{"line":10,"column":22},"end":{"line":19,"column":3}},"3":{"start":{"line":21,"column":19},"end":{"line":40,"column":3}},"4":{"start":{"line":22,"column":4},"end":{"line":39,"column":5}},"5":{"start":{"line":23,"column":25},"end":{"line":23,"column":36}},"6":{"start":{"line":24,"column":6},"end":{"line":24,"column":64}},"7":{"start":{"line":24,"column":33},"end":{"line":24,"column":62}},"8":{"start":{"line":25,"column":6},"end":{"line":25,"column":14}},"9":{"start":{"line":26,"column":23},"end":{"line":32,"column":8}},"10":{"start":{"line":34,"column":6},"end":{"line":36,"column":7}},"11":{"start":{"line":35,"column":8},"end":{"line":35,"column":49}},"12":{"start":{"line":38,"column":6},"end":{"line":38,"column":52}},"13":{"start":{"line":42,"column":2},"end":{"line":58,"column":4}},"14":{"start":{"line":47,"column":10},"end":{"line":53,"column":12}},"15":{"start":{"line":61,"column":0},"end":{"line":63,"column":2}},"16":{"start":{"line":65,"column":0},"end":{"line":67,"column":2}}},"fnMap":{"0":{"name":"(anonymous_0)","decl":{"start":{"line":7,"column":19},"end":{"line":7,"column":20}},"loc":{"start":{"line":7,"column":37},"end":{"line":59,"column":1}},"line":7},"1":{"name":"(anonymous_1)","decl":{"start":{"line":21,"column":19},"end":{"line":21,"column":20}},"loc":{"start":{"line":21,"column":35},"end":{"line":40,"column":3}},"line":21},"2":{"name":"(anonymous_2)","decl":{"start":{"line":24,"column":15},"end":{"line":24,"column":16}},"loc":{"start":{"line":24,"column":33},"end":{"line":24,"column":62}},"line":24},"3":{"name":"(anonymous_3)","decl":{"start":{"line":46,"column":25},"end":{"line":46,"column":26}},"loc":{"start":{"line":47,"column":10},"end":{"line":53,"column":12}},"line":47},"4":{"name":"(anonymous_4)","decl":{"start":{"line":66,"column":12},"end":{"line":66,"column":13}},"loc":{"start":{"line":66,"column":18},"end":{"line":66,"column":20}},"line":66}},"branchMap":{"0":{"loc":{"start":{"line":34,"column":6},"end":{"line":36,"column":7}},"type":"if","locations":[{"start":{"line":34,"column":6},"end":{"line":36,"column":7}},{"start":{},"end":{}}],"line":34}},"s":{"0":1,"1":1,"2":1,"3":1,"4":0,"5":0,"6":0,"7":0,"8":0,"9":0,"10":0,"11":0,"12":0,"13":1,"14":4,"15":1,"16":1},"f":{"0":1,"1":0,"2":0,"3":4,"4":0},"b":{"0":[0,0]},"_coverageSchema":"1a1c01bbd47fc00a2c39e90264f33305004495a9","hash":"df9d992ac669313cadb3601e6ad4a0aebd7bca56"}
,"/Users/icluster/Desktop/TDD Project/testcase-project/src/components/EditUser.jsx": {"path":"/Users/icluster/Desktop/TDD Project/testcase-project/src/components/EditUser.jsx","statementMap":{"0":{"start":{"line":12,"column":17},"end":{"line":106,"column":1}},"1":{"start":{"line":13,"column":38},"end":{"line":13,"column":59}},"2":{"start":{"line":15,"column":22},"end":{"line":17,"column":3}},"3":{"start":{"line":16,"column":4},"end":{"line":16,"column":14}},"4":{"start":{"line":19,"column":28},"end":{"line":21,"column":3}},"5":{"start":{"line":20,"column":4},"end":{"line":20,"column":67}},"6":{"start":{"line":20,"column":33},"end":{"line":20,"column":64}},"7":{"start":{"line":23,"column":21},"end":{"line":49,"column":3}},"8":{"start":{"line":24,"column":4},"end":{"line":48,"column":5}},"9":{"start":{"line":25,"column":23},"end":{"line":34,"column":7}},"10":{"start":{"line":36,"column":6},"end":{"line":38,"column":7}},"11":{"start":{"line":37,"column":8},"end":{"line":37,"column":54}},"12":{"start":{"line":39,"column":30},"end":{"line":39,"column":51}},"13":{"start":{"line":40,"column":6},"end":{"line":44,"column":8}},"14":{"start":{"line":41,"column":8},"end":{"line":43,"column":9}},"15":{"start":{"line":42,"column":10},"end":{"line":42,"column":73}},"16":{"start":{"line":45,"column":6},"end":{"line":45,"column":16}},"17":{"start":{"line":47,"column":6},"end":{"line":47,"column":54}},"18":{"start":{"line":51,"column":23},"end":{"line":53,"column":3}},"19":{"start":{"line":52,"column":4},"end":{"line":52,"column":14}},"20":{"start":{"line":55,"column":26},"end":{"line":63,"column":3}},"21":{"start":{"line":56,"column":4},"end":{"line":62,"column":6}},"22":{"start":{"line":59,"column":23},"end":{"line":59,"column":63}},"23":{"start":{"line":65,"column":2},"end":{"line":105,"column":4}},"24":{"start":{"line":108,"column":0},"end":{"line":111,"column":2}},"25":{"start":{"line":113,"column":0},"end":{"line":117,"column":2}}},"fnMap":{"0":{"name":"(anonymous_0)","decl":{"start":{"line":12,"column":17},"end":{"line":12,"column":18}},"loc":{"start":{"line":12,"column":50},"end":{"line":106,"column":1}},"line":12},"1":{"name":"(anonymous_1)","decl":{"start":{"line":15,"column":22},"end":{"line":15,"column":23}},"loc":{"start":{"line":15,"column":28},"end":{"line":17,"column":3}},"line":15},"2":{"name":"(anonymous_2)","decl":{"start":{"line":19,"column":28},"end":{"line":19,"column":29}},"loc":{"start":{"line":19,"column":46},"end":{"line":21,"column":3}},"line":19},"3":{"name":"(anonymous_3)","decl":{"start":{"line":20,"column":18},"end":{"line":20,"column":19}},"loc":{"start":{"line":20,"column":33},"end":{"line":20,"column":64}},"line":20},"4":{"name":"(anonymous_4)","decl":{"start":{"line":23,"column":21},"end":{"line":23,"column":22}},"loc":{"start":{"line":23,"column":33},"end":{"line":49,"column":3}},"line":23},"5":{"name":"(anonymous_5)","decl":{"start":{"line":40,"column":15},"end":{"line":40,"column":16}},"loc":{"start":{"line":41,"column":8},"end":{"line":43,"column":9}},"line":41},"6":{"name":"(anonymous_6)","decl":{"start":{"line":41,"column":22},"end":{"line":41,"column":23}},"loc":{"start":{"line":42,"column":10},"end":{"line":42,"column":73}},"line":42},"7":{"name":"(anonymous_7)","decl":{"start":{"line":51,"column":23},"end":{"line":51,"column":24}},"loc":{"start":{"line":51,"column":29},"end":{"line":53,"column":3}},"line":51},"8":{"name":"(anonymous_8)","decl":{"start":{"line":55,"column":26},"end":{"line":55,"column":27}},"loc":{"start":{"line":56,"column":4},"end":{"line":62,"column":6}},"line":56},"9":{"name":"(anonymous_9)","decl":{"start":{"line":59,"column":16},"end":{"line":59,"column":17}},"loc":{"start":{"line":59,"column":23},"end":{"line":59,"column":63}},"line":59},"10":{"name":"(anonymous_10)","decl":{"start":{"line":115,"column":11},"end":{"line":115,"column":12}},"loc":{"start":{"line":115,"column":17},"end":{"line":115,"column":19}},"line":115},"11":{"name":"(anonymous_11)","decl":{"start":{"line":116,"column":12},"end":{"line":116,"column":13}},"loc":{"start":{"line":116,"column":18},"end":{"line":116,"column":20}},"line":116}},"branchMap":{"0":{"loc":{"start":{"line":36,"column":6},"end":{"line":38,"column":7}},"type":"if","locations":[{"start":{"line":36,"column":6},"end":{"line":38,"column":7}},{"start":{},"end":{}}],"line":36},"1":{"loc":{"start":{"line":42,"column":10},"end":{"line":42,"column":73}},"type":"cond-expr","locations":[{"start":{"line":42,"column":47},"end":{"line":42,"column":62}},{"start":{"line":42,"column":65},"end":{"line":42,"column":73}}],"line":42}},"s":{"0":1,"1":0,"2":0,"3":0,"4":0,"5":0,"6":0,"7":0,"8":0,"9":0,"10":0,"11":0,"12":0,"13":0,"14":0,"15":0,"16":0,"17":0,"18":0,"19":0,"20":0,"21":0,"22":0,"23":0,"24":1,"25":1},"f":{"0":0,"1":0,"2":0,"3":0,"4":0,"5":0,"6":0,"7":0,"8":0,"9":0,"10":0,"11":0},"b":{"0":[0,0],"1":[0,0]},"_coverageSchema":"1a1c01bbd47fc00a2c39e90264f33305004495a9","hash":"0a2421a23d8dccd5a72c958ae075f23a371b33b9"}
,"/Users/icluster/Desktop/TDD Project/testcase-project/src/components/UserActions.jsx": {"path":"/Users/icluster/Desktop/TDD Project/testcase-project/src/components/UserActions.jsx","statementMap":{"0":{"start":{"line":7,"column":20},"end":{"line":23,"column":1}},"1":{"start":{"line":8,"column":24},"end":{"line":8,"column":26}},"2":{"start":{"line":9,"column":2},"end":{"line":22,"column":4}},"3":{"start":{"line":13,"column":23},"end":{"line":13,"column":35}},"4":{"start":{"line":18,"column":23},"end":{"line":18,"column":40}},"5":{"start":{"line":25,"column":0},"end":{"line":35,"column":2}},"6":{"start":{"line":37,"column":0},"end":{"line":41,"column":2}}},"fnMap":{"0":{"name":"(anonymous_0)","decl":{"start":{"line":7,"column":20},"end":{"line":7,"column":21}},"loc":{"start":{"line":7,"column":52},"end":{"line":23,"column":1}},"line":7},"1":{"name":"(anonymous_1)","decl":{"start":{"line":13,"column":17},"end":{"line":13,"column":18}},"loc":{"start":{"line":13,"column":23},"end":{"line":13,"column":35}},"line":13},"2":{"name":"(anonymous_2)","decl":{"start":{"line":18,"column":17},"end":{"line":18,"column":18}},"loc":{"start":{"line":18,"column":23},"end":{"line":18,"column":40}},"line":18},"3":{"name":"(anonymous_3)","decl":{"start":{"line":39,"column":10},"end":{"line":39,"column":11}},"loc":{"start":{"line":39,"column":16},"end":{"line":39,"column":18}},"line":39},"4":{"name":"(anonymous_4)","decl":{"start":{"line":40,"column":12},"end":{"line":40,"column":13}},"loc":{"start":{"line":40,"column":18},"end":{"line":40,"column":20}},"line":40}},"branchMap":{},"s":{"0":1,"1":0,"2":0,"3":0,"4":0,"5":1,"6":1},"f":{"0":0,"1":0,"2":0,"3":0,"4":0},"b":{},"_coverageSchema":"1a1c01bbd47fc00a2c39e90264f33305004495a9","hash":"0a3a97a34565ebd4f9a654b7454e4fed88248b98"}
,"/Users/icluster/Desktop/TDD Project/testcase-project/src/redux/action.jsx": {"path":"/Users/icluster/Desktop/TDD Project/testcase-project/src/redux/action.jsx","statementMap":{"0":{"start":{"line":1,"column":24},"end":{"line":5,"column":1}},"1":{"start":{"line":2,"column":4},"end":{"line":4,"column":5}}},"fnMap":{"0":{"name":"(anonymous_0)","decl":{"start":{"line":1,"column":24},"end":{"line":1,"column":25}},"loc":{"start":{"line":1,"column":28},"end":{"line":5,"column":1}},"line":1}},"branchMap":{},"s":{"0":0,"1":0},"f":{"0":0},"b":{}}
,"/Users/icluster/Desktop/TDD Project/testcase-project/src/redux/reducer.jsx": {"path":"/Users/icluster/Desktop/TDD Project/testcase-project/src/redux/reducer.jsx","statementMap":{"0":{"start":{"line":1,"column":21},"end":{"line":3,"column":1}},"1":{"start":{"line":5,"column":16},"end":{"line":15,"column":1}},"2":{"start":{"line":6,"column":2},"end":{"line":14,"column":3}},"3":{"start":{"line":8,"column":8},"end":{"line":11,"column":9}},"4":{"start":{"line":13,"column":2},"end":{"line":13,"column":15}}},"fnMap":{"0":{"name":"(anonymous_0)","decl":{"start":{"line":5,"column":16},"end":{"line":5,"column":17}},"loc":{"start":{"line":5,"column":48},"end":{"line":15,"column":1}},"line":5}},"branchMap":{"0":{"loc":{"start":{"line":5,"column":17},"end":{"line":5,"column":36}},"type":"default-arg","locations":[{"start":{"line":5,"column":24},"end":{"line":5,"column":36}}],"line":5},"1":{"loc":{"start":{"line":6,"column":2},"end":{"line":14,"column":3}},"type":"switch","locations":[{"start":{"line":7,"column":4},"end":{"line":11,"column":9}},{"start":{"line":12,"column":8},"end":{"line":13,"column":15}}],"line":6}},"s":{"0":0,"1":0,"2":0,"3":0,"4":0},"f":{"0":0},"b":{"0":[0],"1":[0,0]}}
,"/Users/icluster/Desktop/TDD Project/testcase-project/src/redux/store.js": {"path":"/Users/icluster/Desktop/TDD Project/testcase-project/src/redux/store.js","statementMap":{"0":{"start":{"line":4,"column":14},"end":{"line":4,"column":34}}},"fnMap":{},"branchMap":{},"s":{"0":0},"f":{},"b":{}}
,"/Users/icluster/Desktop/TDD Project/testcase-project/src/userPortal/UserList.jsx": {"path":"/Users/icluster/Desktop/TDD Project/testcase-project/src/userPortal/UserList.jsx","statementMap":{"0":{"start":{"line":7,"column":17},"end":{"line":62,"column":1}},"1":{"start":{"line":8,"column":28},"end":{"line":8,"column":40}},"2":{"start":{"line":9,"column":40},"end":{"line":9,"column":54}},"3":{"start":{"line":11,"column":2},"end":{"line":21,"column":14}},"4":{"start":{"line":12,"column":4},"end":{"line":20,"column":70}},"5":{"start":{"line":14,"column":8},"end":{"line":16,"column":9}},"6":{"start":{"line":15,"column":10},"end":{"line":15,"column":57}},"7":{"start":{"line":17,"column":8},"end":{"line":17,"column":31}},"8":{"start":{"line":19,"column":22},"end":{"line":19,"column":36}},"9":{"start":{"line":20,"column":24},"end":{"line":20,"column":68}},"10":{"start":{"line":23,"column":21},"end":{"line":25,"column":3}},"11":{"start":{"line":24,"column":4},"end":{"line":24,"column":25}},"12":{"start":{"line":27,"column":23},"end":{"line":41,"column":3}},"13":{"start":{"line":28,"column":4},"end":{"line":40,"column":5}},"14":{"start":{"line":29,"column":23},"end":{"line":31,"column":8}},"15":{"start":{"line":33,"column":6},"end":{"line":35,"column":7}},"16":{"start":{"line":34,"column":8},"end":{"line":34,"column":49}},"17":{"start":{"line":37,"column":6},"end":{"line":37,"column":61}},"18":{"start":{"line":37,"column":39},"end":{"line":37,"column":58}},"19":{"start":{"line":39,"column":6},"end":{"line":39,"column":51}},"20":{"start":{"line":43,"column":27},"end":{"line":45,"column":3}},"21":{"start":{"line":44,"column":4},"end":{"line":44,"column":25}},"22":{"start":{"line":47,"column":2},"end":{"line":61,"column":4}}},"fnMap":{"0":{"name":"(anonymous_0)","decl":{"start":{"line":7,"column":17},"end":{"line":7,"column":18}},"loc":{"start":{"line":7,"column":23},"end":{"line":62,"column":1}},"line":7},"1":{"name":"(anonymous_1)","decl":{"start":{"line":11,"column":12},"end":{"line":11,"column":13}},"loc":{"start":{"line":11,"column":18},"end":{"line":21,"column":3}},"line":11},"2":{"name":"(anonymous_2)","decl":{"start":{"line":13,"column":12},"end":{"line":13,"column":13}},"loc":{"start":{"line":13,"column":26},"end":{"line":18,"column":7}},"line":13},"3":{"name":"(anonymous_3)","decl":{"start":{"line":19,"column":12},"end":{"line":19,"column":13}},"loc":{"start":{"line":19,"column":22},"end":{"line":19,"column":36}},"line":19},"4":{"name":"(anonymous_4)","decl":{"start":{"line":20,"column":13},"end":{"line":20,"column":14}},"loc":{"start":{"line":20,"column":24},"end":{"line":20,"column":68}},"line":20},"5":{"name":"(anonymous_5)","decl":{"start":{"line":23,"column":21},"end":{"line":23,"column":22}},"loc":{"start":{"line":23,"column":31},"end":{"line":25,"column":3}},"line":23},"6":{"name":"(anonymous_6)","decl":{"start":{"line":27,"column":23},"end":{"line":27,"column":24}},"loc":{"start":{"line":27,"column":41},"end":{"line":41,"column":3}},"line":27},"7":{"name":"(anonymous_7)","decl":{"start":{"line":37,"column":29},"end":{"line":37,"column":30}},"loc":{"start":{"line":37,"column":39},"end":{"line":37,"column":58}},"line":37},"8":{"name":"(anonymous_8)","decl":{"start":{"line":43,"column":27},"end":{"line":43,"column":28}},"loc":{"start":{"line":43,"column":33},"end":{"line":45,"column":3}},"line":43}},"branchMap":{"0":{"loc":{"start":{"line":14,"column":8},"end":{"line":16,"column":9}},"type":"if","locations":[{"start":{"line":14,"column":8},"end":{"line":16,"column":9}},{"start":{},"end":{}}],"line":14},"1":{"loc":{"start":{"line":33,"column":6},"end":{"line":35,"column":7}},"type":"if","locations":[{"start":{"line":33,"column":6},"end":{"line":35,"column":7}},{"start":{},"end":{}}],"line":33},"2":{"loc":{"start":{"line":51,"column":9},"end":{"line":57,"column":9}},"type":"binary-expr","locations":[{"start":{"line":51,"column":9},"end":{"line":51,"column":20}},{"start":{"line":52,"column":10},"end":{"line":56,"column":12}}],"line":51}},"s":{"0":1,"1":2,"2":1,"3":1,"4":1,"5":0,"6":0,"7":0,"8":0,"9":0,"10":1,"11":0,"12":1,"13":0,"14":0,"15":0,"16":0,"17":0,"18":0,"19":0,"20":1,"21":0,"22":1},"f":{"0":2,"1":1,"2":0,"3":0,"4":0,"5":0,"6":0,"7":0,"8":0},"b":{"0":[0,0],"1":[0,0],"2":[1,0]},"_coverageSchema":"1a1c01bbd47fc00a2c39e90264f33305004495a9","hash":"45ca0889f6fce409e88beda81954340b63a329ea"}
}
